<?xml version="1.0" encoding="UTF-8"?>
<!-- Generated by org.testng.reporters.JUnitReportReporter -->
<testsuite hostname="DESKTOP-QBD2976" failures="0" tests="1" name="Addition" time="0.034" errors="0" timestamp="2021-03-01T20:46:49 GMT" skipped="0">
  <testcase classname="Addition" name="add" time="0.034"/>
  <system-out/>
</testsuite> <!-- Addition -->
